#
# There is insufficient memory for the Java Runtime Environment to continue.
# Native memory allocation (mmap) failed to map 65536 bytes. Error detail: Failed to commit metaspace.
# Possible reasons:
#   The system is out of physical RAM or swap space
#   This process is running with CompressedOops enabled, and the Java Heap may be blocking the growth of the native heap
# Possible solutions:
#   Reduce memory load on the system
#   Increase physical memory or swap space
#   Check if swap backing store is full
#   Decrease Java heap size (-Xmx/-Xms)
#   Decrease number of Java threads
#   Decrease Java thread stack sizes (-Xss)
#   Set larger code cache with -XX:ReservedCodeCacheSize=
#   JVM is running with Zero Based Compressed Oops mode in which the Java heap is
#     placed in the first 32GB address space. The Java Heap base address is the
#     maximum limit for the native heap growth. Please use -XX:HeapBaseMinAddress
#     to set the Java Heap base and to place the Java Heap above 32GB virtual address.
# This output file may be truncated or incomplete.
#
#  Out of Memory Error (virtualSpaceNode.cpp:113), pid=8280, tid=6572
#
# JRE version: Java(TM) SE Runtime Environment (23.0.2+7) (build 23.0.2+7-58)
# Java VM: Java HotSpot(TM) 64-Bit Server VM (23.0.2+7-58, mixed mode, sharing, tiered, compressed oops, compressed class ptrs, g1 gc, windows-amd64)
# No core dump will be written. Minidumps are not enabled by default on client versions of Windows
#

---------------  S U M M A R Y ------------

Command Line: -javaagent:D:\IntelliJ IDEA Community Edition 2025.1.3\lib\idea_rt.jar=54732 -Dfile.encoding=UTF-8 -Dsun.stdout.encoding=UTF-8 -Dsun.stderr.encoding=UTF-8 bank.management.system.Login

Host: Intel(R) Core(TM) i7-1065G7 CPU @ 1.30GHz, 8 cores, 11G,  Windows 11 , 64 bit Build 26100 (10.0.26100.4768)
Time: Wed Jul 30 03:11:09 2025 Pakistan Standard Time elapsed time: 28.022041 seconds (0d 0h 0m 28s)

---------------  T H R E A D  ---------------

Current thread (0x0000026b3eebbdc0):  JavaThread "C1 CompilerThread0" daemon [_thread_in_vm, id=6572, stack(0x0000006caf400000,0x0000006caf500000) (1024K)]


Current CompileTask:
C1:28022 1572       3       javax.swing.text.PlainView::updateMetrics (121 bytes)

Stack: [0x0000006caf400000,0x0000006caf500000]
Native frames: (J=compiled Java code, j=interpreted, Vv=VM code, C=native code)
V  [jvm.dll+0x6e0b99]  (no source info available)
V  [jvm.dll+0x87e2b3]  (no source info available)
V  [jvm.dll+0x88073e]  (no source info available)
V  [jvm.dll+0x880e13]  (no source info available)
V  [jvm.dll+0x27b006]  (no source info available)
V  [jvm.dll+0x879ebe]  (no source info available)
V  [jvm.dll+0x6822f5]  (no source info available)
V  [jvm.dll+0x1e0aec]  (no source info available)
V  [jvm.dll+0x1e08be]  (no source info available)
V  [jvm.dll+0x684c48]  (no source info available)
V  [jvm.dll+0x221aec]  (no source info available)
V  [jvm.dll+0x682d0e]  (no source info available)
V  [jvm.dll+0x69436a]  (no source info available)
V  [jvm.dll+0x68d3c2]  (no source info available)
V  [jvm.dll+0x1ee970]  (no source info available)
V  [jvm.dll+0x1eeb58]  (no source info available)
V  [jvm.dll+0x16323e]  (no source info available)
V  [jvm.dll+0x163071]  (no source info available)
V  [jvm.dll+0x15a872]  (no source info available)
V  [jvm.dll+0x15caea]  (no source info available)
V  [jvm.dll+0x15b01c]  (no source info available)
V  [jvm.dll+0x163ba1]  (no source info available)
V  [jvm.dll+0x163071]  (no source info available)
V  [jvm.dll+0x15a872]  (no source info available)
V  [jvm.dll+0x15caea]  (no source info available)
V  [jvm.dll+0x15b115]  (no source info available)
V  [jvm.dll+0x15463f]  (no source info available)
V  [jvm.dll+0x164cf1]  (no source info available)
V  [jvm.dll+0x14fd7b]  (no source info available)
V  [jvm.dll+0x150173]  (no source info available)
V  [jvm.dll+0x1504db]  (no source info available)
V  [jvm.dll+0x14f8a8]  (no source info available)
V  [jvm.dll+0x1516ed]  (no source info available)
V  [jvm.dll+0x253df1]  (no source info available)
V  [jvm.dll+0x2520aa]  (no source info available)
V  [jvm.dll+0x3ee226]  (no source info available)
V  [jvm.dll+0x8254cb]  (no source info available)
V  [jvm.dll+0x6df345]  (no source info available)
C  [ucrtbase.dll+0x37b0]  (no source info available)
C  [KERNEL32.DLL+0x2e8d7]  (no source info available)
C  [ntdll.dll+0x3c34c]  (no source info available)

Lock stack of current Java thread (top to bottom):


---------------  P R O C E S S  ---------------

Threads class SMR info:
_java_thread_list=0x0000026b84e1c760, length=17, elements={
0x0000026b3ee9f8b0, 0x0000026b3eea0e80, 0x0000026b3eea22e0, 0x0000026b3eea3090,
0x0000026b3eea96f0, 0x0000026b3eeaf4c0, 0x0000026b3eebb4a0, 0x0000026b3eebbdc0,
0x0000026b3ee713e0, 0x0000026b841b4fc0, 0x0000026b841b5630, 0x0000026b84349d40,
0x0000026b8435d470, 0x0000026b8436e7b0, 0x0000026b84954260, 0x0000026b1ea33520,
0x0000026b8588b3b0
}

Java Threads: ( => current thread )
  0x0000026b3ee9f8b0 JavaThread "Reference Handler"          daemon [_thread_blocked, id=11076, stack(0x0000006caed00000,0x0000006caee00000) (1024K)]
  0x0000026b3eea0e80 JavaThread "Finalizer"                  daemon [_thread_blocked, id=13976, stack(0x0000006caee00000,0x0000006caef00000) (1024K)]
  0x0000026b3eea22e0 JavaThread "Signal Dispatcher"          daemon [_thread_blocked, id=17092, stack(0x0000006caef00000,0x0000006caf000000) (1024K)]
  0x0000026b3eea3090 JavaThread "Attach Listener"            daemon [_thread_blocked, id=16808, stack(0x0000006caf000000,0x0000006caf100000) (1024K)]
  0x0000026b3eea96f0 JavaThread "Service Thread"             daemon [_thread_blocked, id=10464, stack(0x0000006caf100000,0x0000006caf200000) (1024K)]
  0x0000026b3eeaf4c0 JavaThread "Monitor Deflation Thread"   daemon [_thread_blocked, id=13236, stack(0x0000006caf200000,0x0000006caf300000) (1024K)]
  0x0000026b3eebb4a0 JavaThread "C2 CompilerThread0"         daemon [_thread_blocked, id=3288, stack(0x0000006caf300000,0x0000006caf400000) (1024K)]
=>0x0000026b3eebbdc0 JavaThread "C1 CompilerThread0"         daemon [_thread_in_vm, id=6572, stack(0x0000006caf400000,0x0000006caf500000) (1024K)]
  0x0000026b3ee713e0 JavaThread "Common-Cleaner"             daemon [_thread_blocked, id=9388, stack(0x0000006caf500000,0x0000006caf600000) (1024K)]
  0x0000026b841b4fc0 JavaThread "Monitor Ctrl-Break"         daemon [_thread_in_native, id=15828, stack(0x0000006caf600000,0x0000006caf700000) (1024K)]
  0x0000026b841b5630 JavaThread "Notification Thread"        daemon [_thread_blocked, id=9076, stack(0x0000006caf700000,0x0000006caf800000) (1024K)]
  0x0000026b84349d40 JavaThread "Java2D Disposer"            daemon [_thread_blocked, id=11460, stack(0x0000006caf800000,0x0000006caf900000) (1024K)]
  0x0000026b8435d470 JavaThread "AWT-Shutdown"                      [_thread_blocked, id=7772, stack(0x0000006caf900000,0x0000006cafa00000) (1024K)]
  0x0000026b8436e7b0 JavaThread "AWT-Windows"                daemon [_thread_in_native, id=14116, stack(0x0000006cafa00000,0x0000006cafb00000) (1024K)]
  0x0000026b84954260 JavaThread "AWT-EventQueue-0"                  [_thread_in_native, id=6040, stack(0x0000006cb0100000,0x0000006cb0200000) (1024K)]
  0x0000026b1ea33520 JavaThread "DestroyJavaVM"                     [_thread_blocked, id=8236, stack(0x0000006cae500000,0x0000006cae600000) (1024K)]
  0x0000026b8588b3b0 JavaThread "TimerQueue"                 daemon [_thread_blocked, id=16348, stack(0x0000006cb0900000,0x0000006cb0a00000) (1024K)]
Total: 17

Other Threads:
  0x0000026b3ee867d0 VMThread "VM Thread"                           [id=11324, stack(0x0000006caec00000,0x0000006caed00000) (1024K)]
  0x0000026b3ee70190 WatcherThread "VM Periodic Task Thread"        [id=16700, stack(0x0000006caeb00000,0x0000006caec00000) (1024K)]
  0x0000026b20ebb1e0 WorkerThread "GC Thread#0"                     [id=15288, stack(0x0000006cae600000,0x0000006cae700000) (1024K)]
  0x0000026b84ec7170 WorkerThread "GC Thread#1"                     [id=3104, stack(0x0000006cb0200000,0x0000006cb0300000) (1024K)]
  0x0000026b84ec7520 WorkerThread "GC Thread#2"                     [id=4996, stack(0x0000006cb0300000,0x0000006cb0400000) (1024K)]
  0x0000026b84e180d0 WorkerThread "GC Thread#3"                     [id=5732, stack(0x0000006cb0400000,0x0000006cb0500000) (1024K)]
  0x0000026b84e18480 WorkerThread "GC Thread#4"                     [id=7476, stack(0x0000006cb0500000,0x0000006cb0600000) (1024K)]
  0x0000026b84e18830 WorkerThread "GC Thread#5"                     [id=6332, stack(0x0000006cb0600000,0x0000006cb0700000) (1024K)]
  0x0000026b852984f0 WorkerThread "GC Thread#6"                     [id=1528, stack(0x0000006cb0700000,0x0000006cb0800000) (1024K)]
  0x0000026b852988a0 WorkerThread "GC Thread#7"                     [id=9032, stack(0x0000006cb0800000,0x0000006cb0900000) (1024K)]
  0x0000026b20ee8c60 ConcurrentGCThread "G1 Main Marker"            [id=10976, stack(0x0000006cae700000,0x0000006cae800000) (1024K)]
  0x0000026b20eeadc0 WorkerThread "G1 Conc#0"                       [id=15492, stack(0x0000006cae800000,0x0000006cae900000) (1024K)]
  0x0000026b3ed41170 ConcurrentGCThread "G1 Refine#0"               [id=10828, stack(0x0000006cae900000,0x0000006caea00000) (1024K)]
  0x0000026b3ed43ab0 ConcurrentGCThread "G1 Service"                [id=8136, stack(0x0000006caea00000,0x0000006caeb00000) (1024K)]
Total: 14

Threads with active compile tasks:
C1 CompilerThread0  30098 1572       3       javax.swing.text.PlainView::updateMetrics (121 bytes)
Total: 1

VM state: not at safepoint (normal execution)

VM Mutex/Monitor currently owned by a thread:  ([mutex/lock_event])
[0x00007ffa1b2a2888] Metaspace_lock - owner thread: 0x0000026b3eebbdc0

Heap address: 0x0000000744e00000, size: 2994 MB, Compressed Oops mode: Zero based, Oop shift amount: 3

CDS archive(s) mapped at: [0x0000026b3f000000-0x0000026b3fd70000-0x0000026b3fd70000), size 14090240, SharedBaseAddress: 0x0000026b3f000000, ArchiveRelocationMode: 1.
Compressed class space mapped at: 0x0000026b40000000-0x0000026b80000000, reserved size: 1073741824
Narrow klass base: 0x0000026b3f000000, Narrow klass shift: 0, Narrow klass range: 0x41000000

GC Precious Log:
 CardTable entry size: 512
 Card Set container configuration: InlinePtr #cards 4 size 8 Array Of Cards #cards 16 size 48 Howl #buckets 8 coarsen threshold 3686 Howl Bitmap #cards 512 size 80 coarsen threshold 460 Card regions per heap region 1 cards per card region 4096
 CPUs: 8 total, 8 available
 Memory: 11975M
 Large Page Support: Disabled
 NUMA Support: Disabled
 Compressed Oops: Enabled (Zero based)
 Heap Region Size: 2M
 Heap Min Capacity: 8M
 Heap Initial Capacity: 188M
 Heap Max Capacity: 2994M
 Pre-touch: Disabled
 Parallel Workers: 8
 Concurrent Workers: 2
 Concurrent Refinement Workers: 8
 Periodic GC: Disabled

Heap:
 garbage-first heap   total reserved 3065856K, committed 192512K, used 26104K [0x0000000744e00000, 0x0000000800000000)
  region size 2048K, 7 young (14336K), 2 survivors (4096K)
 Metaspace       used 9015K, committed 9216K, reserved 1114112K
  class space    used 989K, committed 1088K, reserved 1048576K

Heap Regions: E=young(eden), S=young(survivor), O=old, HS=humongous(starts), HC=humongous(continues), CS=collection set, F=free, TAMS=top-at-mark-start, PB=parsable bottom
|   0|0x0000000744e00000, 0x0000000745000000, 0x0000000745000000|100%|HS|  |TAMS 0x0000000744e00000| PB 0x0000000744e00000| Complete |  0
|   1|0x0000000745000000, 0x0000000745200000, 0x0000000745200000|100%|HS|  |TAMS 0x0000000745000000| PB 0x0000000745000000| Complete |  0
|   2|0x0000000745200000, 0x0000000745400000, 0x0000000745400000|100%|HS|  |TAMS 0x0000000745200000| PB 0x0000000745200000| Complete |  0
|   3|0x0000000745400000, 0x0000000745600000, 0x0000000745600000|100%|HC|  |TAMS 0x0000000745400000| PB 0x0000000745400000| Complete |  0
|   4|0x0000000745600000, 0x0000000745800000, 0x0000000745800000|100%|HC|  |TAMS 0x0000000745600000| PB 0x0000000745600000| Complete |  0
|   5|0x0000000745800000, 0x0000000745a00000, 0x0000000745a00000|100%|HC|  |TAMS 0x0000000745800000| PB 0x0000000745800000| Complete |  0
|   6|0x0000000745a00000, 0x0000000745c00000, 0x0000000745c00000|100%|HS|  |TAMS 0x0000000745a00000| PB 0x0000000745a00000| Complete |  0
|   7|0x0000000745c00000, 0x0000000745e00000, 0x0000000745e00000|100%|HS|  |TAMS 0x0000000745c00000| PB 0x0000000745c00000| Complete |  0
|   8|0x0000000745e00000, 0x0000000745e00000, 0x0000000746000000|  0%| F|  |TAMS 0x0000000745e00000| PB 0x0000000745e00000| Untracked |  0
|   9|0x0000000746000000, 0x0000000746000000, 0x0000000746200000|  0%| F|  |TAMS 0x0000000746000000| PB 0x0000000746000000| Untracked |  0
|  10|0x0000000746200000, 0x0000000746200000, 0x0000000746400000|  0%| F|  |TAMS 0x0000000746200000| PB 0x0000000746200000| Untracked |  0
|  11|0x0000000746400000, 0x0000000746400000, 0x0000000746600000|  0%| F|  |TAMS 0x0000000746400000| PB 0x0000000746400000| Untracked |  0
|  12|0x0000000746600000, 0x0000000746600000, 0x0000000746800000|  0%| F|  |TAMS 0x0000000746600000| PB 0x0000000746600000| Untracked |  0
|  13|0x0000000746800000, 0x0000000746800000, 0x0000000746a00000|  0%| F|  |TAMS 0x0000000746800000| PB 0x0000000746800000| Untracked |  0
|  14|0x0000000746a00000, 0x0000000746a00000, 0x0000000746c00000|  0%| F|  |TAMS 0x0000000746a00000| PB 0x0000000746a00000| Untracked |  0
|  15|0x0000000746c00000, 0x0000000746c00000, 0x0000000746e00000|  0%| F|  |TAMS 0x0000000746c00000| PB 0x0000000746c00000| Untracked |  0
|  16|0x0000000746e00000, 0x0000000746e00000, 0x0000000747000000|  0%| F|  |TAMS 0x0000000746e00000| PB 0x0000000746e00000| Untracked |  0
|  17|0x0000000747000000, 0x0000000747000000, 0x0000000747200000|  0%| F|  |TAMS 0x0000000747000000| PB 0x0000000747000000| Untracked |  0
|  18|0x0000000747200000, 0x0000000747200000, 0x0000000747400000|  0%| F|  |TAMS 0x0000000747200000| PB 0x0000000747200000| Untracked |  0
|  19|0x0000000747400000, 0x0000000747400000, 0x0000000747600000|  0%| F|  |TAMS 0x0000000747400000| PB 0x0000000747400000| Untracked |  0
|  20|0x0000000747600000, 0x0000000747600000, 0x0000000747800000|  0%| F|  |TAMS 0x0000000747600000| PB 0x0000000747600000| Untracked |  0
|  21|0x0000000747800000, 0x0000000747800000, 0x0000000747a00000|  0%| F|  |TAMS 0x0000000747800000| PB 0x0000000747800000| Untracked |  0
|  22|0x0000000747a00000, 0x0000000747a00000, 0x0000000747c00000|  0%| F|  |TAMS 0x0000000747a00000| PB 0x0000000747a00000| Untracked |  0
|  23|0x0000000747c00000, 0x0000000747c00000, 0x0000000747e00000|  0%| F|  |TAMS 0x0000000747c00000| PB 0x0000000747c00000| Untracked |  0
|  24|0x0000000747e00000, 0x0000000747e00000, 0x0000000748000000|  0%| F|  |TAMS 0x0000000747e00000| PB 0x0000000747e00000| Untracked |  0
|  25|0x0000000748000000, 0x0000000748000000, 0x0000000748200000|  0%| F|  |TAMS 0x0000000748000000| PB 0x0000000748000000| Untracked |  0
|  26|0x0000000748200000, 0x0000000748200000, 0x0000000748400000|  0%| F|  |TAMS 0x0000000748200000| PB 0x0000000748200000| Untracked |  0
|  27|0x0000000748400000, 0x0000000748400000, 0x0000000748600000|  0%| F|  |TAMS 0x0000000748400000| PB 0x0000000748400000| Untracked |  0
|  28|0x0000000748600000, 0x0000000748600000, 0x0000000748800000|  0%| F|  |TAMS 0x0000000748600000| PB 0x0000000748600000| Untracked |  0
|  29|0x0000000748800000, 0x0000000748800000, 0x0000000748a00000|  0%| F|  |TAMS 0x0000000748800000| PB 0x0000000748800000| Untracked |  0
|  30|0x0000000748a00000, 0x0000000748a00000, 0x0000000748c00000|  0%| F|  |TAMS 0x0000000748a00000| PB 0x0000000748a00000| Untracked |  0
|  31|0x0000000748c00000, 0x0000000748c00000, 0x0000000748e00000|  0%| F|  |TAMS 0x0000000748c00000| PB 0x0000000748c00000| Untracked |  0
|  32|0x0000000748e00000, 0x0000000748e00000, 0x0000000749000000|  0%| F|  |TAMS 0x0000000748e00000| PB 0x0000000748e00000| Untracked |  0
|  33|0x0000000749000000, 0x0000000749000000, 0x0000000749200000|  0%| F|  |TAMS 0x0000000749000000| PB 0x0000000749000000| Untracked |  0
|  34|0x0000000749200000, 0x0000000749200000, 0x0000000749400000|  0%| F|  |TAMS 0x0000000749200000| PB 0x0000000749200000| Untracked |  0
|  35|0x0000000749400000, 0x0000000749400000, 0x0000000749600000|  0%| F|  |TAMS 0x0000000749400000| PB 0x0000000749400000| Untracked |  0
|  36|0x0000000749600000, 0x0000000749600000, 0x0000000749800000|  0%| F|  |TAMS 0x0000000749600000| PB 0x0000000749600000| Untracked |  0
|  37|0x0000000749800000, 0x0000000749800000, 0x0000000749a00000|  0%| F|  |TAMS 0x0000000749800000| PB 0x0000000749800000| Untracked |  0
|  38|0x0000000749a00000, 0x0000000749a00000, 0x0000000749c00000|  0%| F|  |TAMS 0x0000000749a00000| PB 0x0000000749a00000| Untracked |  0
|  39|0x0000000749c00000, 0x0000000749c00000, 0x0000000749e00000|  0%| F|  |TAMS 0x0000000749c00000| PB 0x0000000749c00000| Untracked |  0
|  40|0x0000000749e00000, 0x0000000749e00000, 0x000000074a000000|  0%| F|  |TAMS 0x0000000749e00000| PB 0x0000000749e00000| Untracked |  0
|  41|0x000000074a000000, 0x000000074a000000, 0x000000074a200000|  0%| F|  |TAMS 0x000000074a000000| PB 0x000000074a000000| Untracked |  0
|  42|0x000000074a200000, 0x000000074a200000, 0x000000074a400000|  0%| F|  |TAMS 0x000000074a200000| PB 0x000000074a200000| Untracked |  0
|  43|0x000000074a400000, 0x000000074a400000, 0x000000074a600000|  0%| F|  |TAMS 0x000000074a400000| PB 0x000000074a400000| Untracked |  0
|  44|0x000000074a600000, 0x000000074a600000, 0x000000074a800000|  0%| F|  |TAMS 0x000000074a600000| PB 0x000000074a600000| Untracked |  0
|  45|0x000000074a800000, 0x000000074a800000, 0x000000074aa00000|  0%| F|  |TAMS 0x000000074a800000| PB 0x000000074a800000| Untracked |  0
|  46|0x000000074aa00000, 0x000000074aa00000, 0x000000074ac00000|  0%| F|  |TAMS 0x000000074aa00000| PB 0x000000074aa00000| Untracked |  0
|  47|0x000000074ac00000, 0x000000074ac00000, 0x000000074ae00000|  0%| F|  |TAMS 0x000000074ac00000| PB 0x000000074ac00000| Untracked |  0
|  48|0x000000074ae00000, 0x000000074ae00000, 0x000000074b000000|  0%| F|  |TAMS 0x000000074ae00000| PB 0x000000074ae00000| Untracked |  0
|  49|0x000000074b000000, 0x000000074b000000, 0x000000074b200000|  0%| F|  |TAMS 0x000000074b000000| PB 0x000000074b000000| Untracked |  0
|  50|0x000000074b200000, 0x000000074b200000, 0x000000074b400000|  0%| F|  |TAMS 0x000000074b200000| PB 0x000000074b200000| Untracked |  0
|  51|0x000000074b400000, 0x000000074b400000, 0x000000074b600000|  0%| F|  |TAMS 0x000000074b400000| PB 0x000000074b400000| Untracked |  0
|  52|0x000000074b600000, 0x000000074b600000, 0x000000074b800000|  0%| F|  |TAMS 0x000000074b600000| PB 0x000000074b600000| Untracked |  0
|  53|0x000000074b800000, 0x000000074b800000, 0x000000074ba00000|  0%| F|  |TAMS 0x000000074b800000| PB 0x000000074b800000| Untracked |  0
|  54|0x000000074ba00000, 0x000000074ba00000, 0x000000074bc00000|  0%| F|  |TAMS 0x000000074ba00000| PB 0x000000074ba00000| Untracked |  0
|  55|0x000000074bc00000, 0x000000074bc00000, 0x000000074be00000|  0%| F|  |TAMS 0x000000074bc00000| PB 0x000000074bc00000| Untracked |  0
|  56|0x000000074be00000, 0x000000074be00000, 0x000000074c000000|  0%| F|  |TAMS 0x000000074be00000| PB 0x000000074be00000| Untracked |  0
|  57|0x000000074c000000, 0x000000074c000000, 0x000000074c200000|  0%| F|  |TAMS 0x000000074c000000| PB 0x000000074c000000| Untracked |  0
|  58|0x000000074c200000, 0x000000074c200000, 0x000000074c400000|  0%| F|  |TAMS 0x000000074c200000| PB 0x000000074c200000| Untracked |  0
|  59|0x000000074c400000, 0x000000074c400000, 0x000000074c600000|  0%| F|  |TAMS 0x000000074c400000| PB 0x000000074c400000| Untracked |  0
|  60|0x000000074c600000, 0x000000074c600000, 0x000000074c800000|  0%| F|  |TAMS 0x000000074c600000| PB 0x000000074c600000| Untracked |  0
|  61|0x000000074c800000, 0x000000074c800000, 0x000000074ca00000|  0%| F|  |TAMS 0x000000074c800000| PB 0x000000074c800000| Untracked |  0
|  62|0x000000074ca00000, 0x000000074ca00000, 0x000000074cc00000|  0%| F|  |TAMS 0x000000074ca00000| PB 0x000000074ca00000| Untracked |  0
|  63|0x000000074cc00000, 0x000000074cc00000, 0x000000074ce00000|  0%| F|  |TAMS 0x000000074cc00000| PB 0x000000074cc00000| Untracked |  0
|  64|0x000000074ce00000, 0x000000074ce00000, 0x000000074d000000|  0%| F|  |TAMS 0x000000074ce00000| PB 0x000000074ce00000| Untracked |  0
|  65|0x000000074d000000, 0x000000074d000000, 0x000000074d200000|  0%| F|  |TAMS 0x000000074d000000| PB 0x000000074d000000| Untracked |  0
|  66|0x000000074d200000, 0x000000074d200000, 0x000000074d400000|  0%| F|  |TAMS 0x000000074d200000| PB 0x000000074d200000| Untracked |  0
|  67|0x000000074d400000, 0x000000074d400000, 0x000000074d600000|  0%| F|  |TAMS 0x000000074d400000| PB 0x000000074d400000| Untracked |  0
|  68|0x000000074d600000, 0x000000074d600000, 0x000000074d800000|  0%| F|  |TAMS 0x000000074d600000| PB 0x000000074d600000| Untracked |  0
|  69|0x000000074d800000, 0x000000074d800000, 0x000000074da00000|  0%| F|  |TAMS 0x000000074d800000| PB 0x000000074d800000| Untracked |  0
|  70|0x000000074da00000, 0x000000074da00000, 0x000000074dc00000|  0%| F|  |TAMS 0x000000074da00000| PB 0x000000074da00000| Untracked |  0
|  71|0x000000074dc00000, 0x000000074dc00000, 0x000000074de00000|  0%| F|  |TAMS 0x000000074dc00000| PB 0x000000074dc00000| Untracked |  0
|  72|0x000000074de00000, 0x000000074de00000, 0x000000074e000000|  0%| F|  |TAMS 0x000000074de00000| PB 0x000000074de00000| Untracked |  0
|  73|0x000000074e000000, 0x000000074e000000, 0x000000074e200000|  0%| F|  |TAMS 0x000000074e000000| PB 0x000000074e000000| Untracked |  0
|  74|0x000000074e200000, 0x000000074e200000, 0x000000074e400000|  0%| F|  |TAMS 0x000000074e200000| PB 0x000000074e200000| Untracked |  0
|  75|0x000000074e400000, 0x000000074e400000, 0x000000074e600000|  0%| F|  |TAMS 0x000000074e400000| PB 0x000000074e400000| Untracked |  0
|  76|0x000000074e600000, 0x000000074e600000, 0x000000074e800000|  0%| F|  |TAMS 0x000000074e600000| PB 0x000000074e600000| Untracked |  0
|  77|0x000000074e800000, 0x000000074e800000, 0x000000074ea00000|  0%| F|  |TAMS 0x000000074e800000| PB 0x000000074e800000| Untracked |  0
|  78|0x000000074ea00000, 0x000000074ea00000, 0x000000074ec00000|  0%| F|  |TAMS 0x000000074ea00000| PB 0x000000074ea00000| Untracked |  0
|  79|0x000000074ec00000, 0x000000074ec00000, 0x000000074ee00000|  0%| F|  |TAMS 0x000000074ec00000| PB 0x000000074ec00000| Untracked |  0
|  80|0x000000074ee00000, 0x000000074ef7e2f0, 0x000000074f000000| 74%| S|CS|TAMS 0x000000074ee00000| PB 0x000000074ee00000| Complete |  0
|  81|0x000000074f000000, 0x000000074f200000, 0x000000074f200000|100%| S|CS|TAMS 0x000000074f000000| PB 0x000000074f000000| Complete |  0
|  82|0x000000074f200000, 0x000000074f200000, 0x000000074f400000|  0%| F|  |TAMS 0x000000074f200000| PB 0x000000074f200000| Untracked |  0
|  83|0x000000074f400000, 0x000000074f400000, 0x000000074f600000|  0%| F|  |TAMS 0x000000074f400000| PB 0x000000074f400000| Untracked |  0
|  84|0x000000074f600000, 0x000000074f600000, 0x000000074f800000|  0%| F|  |TAMS 0x000000074f600000| PB 0x000000074f600000| Untracked |  0
|  85|0x000000074f800000, 0x000000074f800000, 0x000000074fa00000|  0%| F|  |TAMS 0x000000074f800000| PB 0x000000074f800000| Untracked |  0
|  86|0x000000074fa00000, 0x000000074fa00000, 0x000000074fc00000|  0%| F|  |TAMS 0x000000074fa00000| PB 0x000000074fa00000| Untracked |  0
|  87|0x000000074fc00000, 0x000000074fc00000, 0x000000074fe00000|  0%| F|  |TAMS 0x000000074fc00000| PB 0x000000074fc00000| Untracked |  0
|  88|0x000000074fe00000, 0x000000074fe00000, 0x0000000750000000|  0%| F|  |TAMS 0x000000074fe00000| PB 0x000000074fe00000| Untracked |  0
|  89|0x0000000750000000, 0x00000007500ba070, 0x0000000750200000| 36%| E|  |TAMS 0x0000000750000000| PB 0x0000000750000000| Complete |  0
|  90|0x0000000750200000, 0x0000000750400000, 0x0000000750400000|100%| E|CS|TAMS 0x0000000750200000| PB 0x0000000750200000| Complete |  0
|  91|0x0000000750400000, 0x0000000750600000, 0x0000000750600000|100%| E|CS|TAMS 0x0000000750400000| PB 0x0000000750400000| Complete |  0
|  92|0x0000000750600000, 0x0000000750800000, 0x0000000750800000|100%| E|CS|TAMS 0x0000000750600000| PB 0x0000000750600000| Complete |  0
|  93|0x0000000750800000, 0x0000000750a00000, 0x0000000750a00000|100%| E|  |TAMS 0x0000000750800000| PB 0x0000000750800000| Complete |  0

Card table byte_map: [0x0000026b38fd0000,0x0000026b395b0000] _byte_map_base: 0x0000026b355a9000

Marking Bits: (CMBitMap*) 0x0000026b20ebb8f0
 Bits: [0x0000026b395b0000, 0x0000026b3c478000)

Polling page: 0x0000026b1f160000

Metaspace:

Usage:
  Non-class:      7.84 MB used.
      Class:    989.22 KB used.
       Both:      8.80 MB used.

Virtual space:
  Non-class space:       64.00 MB reserved,       7.94 MB ( 12%) committed,  1 nodes.
      Class space:        1.00 GB reserved,       1.06 MB ( <1%) committed,  1 nodes.
             Both:        1.06 GB reserved,       9.00 MB ( <1%) committed. 

Chunk freelists:
   Non-Class:  8.04 MB
       Class:  14.75 MB
        Both:  22.79 MB

MaxMetaspaceSize: unlimited
CompressedClassSpaceSize: 1.00 GB
Initial GC threshold: 21.00 MB
Current GC threshold: 21.00 MB
CDS: on
 - commit_granule_bytes: 65536.
 - commit_granule_words: 8192.
 - virtual_space_node_default_size: 8388608.
 - enlarge_chunks_in_place: 1.
 - use_allocation_guard: 0.


Internal statistics:

num_allocs_failed_limit: 0.
num_arena_births: 160.
num_arena_deaths: 0.
num_vsnodes_births: 2.
num_vsnodes_deaths: 0.
num_space_committed: 144.
num_space_uncommitted: 0.
num_chunks_returned_to_freelist: 0.
num_chunks_taken_from_freelist: 214.
num_chunk_merges: 0.
num_chunk_splits: 122.
num_chunks_enlarged: 47.
num_inconsistent_stats: 0.

CodeHeap 'non-profiled nmethods': size=120064Kb used=493Kb max_used=493Kb free=119570Kb
 bounds [0x0000026b31070000, 0x0000026b312e0000, 0x0000026b385b0000]
CodeHeap 'profiled nmethods': size=120000Kb used=1994Kb max_used=1994Kb free=118005Kb
 bounds [0x0000026b295b0000, 0x0000026b29820000, 0x0000026b30ae0000]
CodeHeap 'non-nmethods': size=5696Kb used=1713Kb max_used=1742Kb free=3982Kb
 bounds [0x0000026b30ae0000, 0x0000026b30d50000, 0x0000026b31070000]
CodeCache: size=245760Kb, used=4200Kb, max_used=4229Kb, free=241557Kb
 total_blobs=2211, nmethods=1566, adapters=551, full_count=0
Compilation: enabled, stopped_count=0, restarted_count=0

Compilation events (20 events):
Event: 23.455 Thread 0x0000026b3eebbdc0 nmethod 1562 0x0000026b2979ce08 code [0x0000026b2979cf20, 0x0000026b2979d020]
Event: 23.455 Thread 0x0000026b3eebbdc0 1563       3       sun.java2d.SunGraphics2D::translate (68 bytes)
Event: 23.460 Thread 0x0000026b3eebbdc0 nmethod 1563 0x0000026b2979d108 code [0x0000026b2979d240, 0x0000026b2979d4d0]
Event: 23.460 Thread 0x0000026b3eebbdc0 1564       3       java.awt.geom.AffineTransform::translate (547 bytes)
Event: 23.468 Thread 0x0000026b3eebbdc0 nmethod 1564 0x0000026b2979d508 code [0x0000026b2979d780, 0x0000026b2979e378]
Event: 24.483 Thread 0x0000026b3eebbdc0 1566       3       java.awt.Font::hashCode (76 bytes)
Event: 24.483 Thread 0x0000026b3eebbdc0 nmethod 1566 0x0000026b2979e408 code [0x0000026b2979e540, 0x0000026b2979e800]
Event: 24.483 Thread 0x0000026b3eebbdc0 1567       3       java.awt.font.FontRenderContext::hashCode (71 bytes)
Event: 24.484 Thread 0x0000026b3eebbdc0 nmethod 1567 0x0000026b2979e888 code [0x0000026b2979ea60, 0x0000026b2979f3b0]
Event: 24.484 Thread 0x0000026b3eebbdc0 1565       3       sun.font.FontDesignMetrics::getDefaultFrc (53 bytes)
Event: 24.485 Thread 0x0000026b3eebbdc0 nmethod 1565 0x0000026b2979f408 code [0x0000026b2979f640, 0x0000026b297a0198]
Event: 24.485 Thread 0x0000026b3eebbdc0 1568       3       sun.swing.SwingUtilities2::getFRCFromCache (128 bytes)
Event: 24.486 Thread 0x0000026b3eebbdc0 nmethod 1568 0x0000026b297a0288 code [0x0000026b297a0480, 0x0000026b297a1000]
Event: 24.486 Thread 0x0000026b3eebbdc0 1569       3       sun.swing.SwingUtilities2$KeyPair::<init> (15 bytes)
Event: 24.486 Thread 0x0000026b3eebbdc0 nmethod 1569 0x0000026b297a1088 code [0x0000026b297a11a0, 0x0000026b297a13d0]
Event: 24.486 Thread 0x0000026b3eebbdc0 1570       3       sun.font.FontDesignMetrics$MetricsKey::equals (49 bytes)
Event: 24.487 Thread 0x0000026b3eebbdc0 nmethod 1570 0x0000026b297a1408 code [0x0000026b297a1560, 0x0000026b297a1b08]
Event: 24.992 Thread 0x0000026b3eebbdc0 1571       3       java.awt.Component::getGraphics (124 bytes)
Event: 24.993 Thread 0x0000026b3eebbdc0 nmethod 1571 0x0000026b297a1b88 code [0x0000026b297a1d80, 0x0000026b297a2898]
Event: 24.993 Thread 0x0000026b3eebbdc0 1572       3       javax.swing.text.PlainView::updateMetrics (121 bytes)

GC Heap History (2 events):
Event: 1.260 GC heap before
{Heap before GC invocations=0 (full 0):
 garbage-first heap   total reserved 3065856K, committed 192512K, used 40960K [0x0000000744e00000, 0x0000000800000000)
  region size 2048K, 12 young (24576K), 0 survivors (0K)
 Metaspace       used 8386K, committed 8576K, reserved 1114112K
  class space    used 942K, committed 1024K, reserved 1048576K
}
Event: 1.265 GC heap after
{Heap after GC invocations=1 (full 0):
 garbage-first heap   total reserved 3065856K, committed 192512K, used 19960K [0x0000000744e00000, 0x0000000800000000)
  region size 2048K, 2 young (4096K), 2 survivors (4096K)
 Metaspace       used 8386K, committed 8576K, reserved 1114112K
  class space    used 942K, committed 1024K, reserved 1048576K
}

Dll operation events (12 events):
Event: 0.017 Loaded shared library C:\Program Files\Java\jdk-23\bin\java.dll
Event: 0.059 Loaded shared library C:\Program Files\Java\jdk-23\bin\jsvml.dll
Event: 0.122 Loaded shared library C:\Program Files\Java\jdk-23\bin\zip.dll
Event: 0.126 Loaded shared library C:\Program Files\Java\jdk-23\bin\instrument.dll
Event: 0.135 Loaded shared library C:\Program Files\Java\jdk-23\bin\net.dll
Event: 0.138 Loaded shared library C:\Program Files\Java\jdk-23\bin\nio.dll
Event: 0.143 Loaded shared library C:\Program Files\Java\jdk-23\bin\zip.dll
Event: 0.179 Loaded shared library C:\Program Files\Java\jdk-23\bin\extnet.dll
Event: 0.185 Loaded shared library C:\Program Files\Java\jdk-23\bin\jimage.dll
Event: 0.206 Loaded shared library C:\Program Files\Java\jdk-23\bin\awt.dll
Event: 0.956 Loaded shared library C:\Program Files\Java\jdk-23\bin\freetype.dll
Event: 0.957 Loaded shared library C:\Program Files\Java\jdk-23\bin\fontmanager.dll

Deoptimization events (20 events):
Event: 1.142 Thread 0x0000026b84954260 Uncommon trap: trap_request=0xffffff45 fr.pc=0x0000026b310c7764 relative=0x0000000000000064
Event: 1.142 Thread 0x0000026b84954260 Uncommon trap: reason=unstable_if action=reinterpret pc=0x0000026b310c7764 method=java.lang.CharacterDataLatin1.toLowerCase(I)I @ 16 c2
Event: 1.142 Thread 0x0000026b84954260 DEOPT PACKING pc=0x0000026b310c7764 sp=0x0000006cb01fcf80
Event: 1.142 Thread 0x0000026b84954260 DEOPT UNPACKING pc=0x0000026b30b37982 sp=0x0000006cb01fcf00 mode 2
Event: 1.152 Thread 0x0000026b84954260 Uncommon trap: trap_request=0xffffff45 fr.pc=0x0000026b310c820c relative=0x000000000000044c
Event: 1.152 Thread 0x0000026b84954260 Uncommon trap: reason=unstable_if action=reinterpret pc=0x0000026b310c820c method=java.lang.StringLatin1.toLowerCase(Ljava/lang/String;[BLjava/util/Locale;)Ljava/lang/String; @ 37 c2
Event: 1.152 Thread 0x0000026b84954260 DEOPT PACKING pc=0x0000026b310c820c sp=0x0000006cb01fd760
Event: 1.152 Thread 0x0000026b84954260 DEOPT UNPACKING pc=0x0000026b30b37982 sp=0x0000006cb01fd6d0 mode 2
Event: 1.265 Thread 0x0000026b3ee9f8b0 Uncommon trap: trap_request=0xffffff45 fr.pc=0x0000026b310b43c0 relative=0x0000000000000040
Event: 1.265 Thread 0x0000026b3ee9f8b0 Uncommon trap: reason=unstable_if action=reinterpret pc=0x0000026b310b43c0 method=java.util.concurrent.locks.AbstractQueuedSynchronizer.signalNext(Ljava/util/concurrent/locks/AbstractQueuedSynchronizer$Node;)V @ 1 c2
Event: 1.265 Thread 0x0000026b3ee9f8b0 DEOPT PACKING pc=0x0000026b310b43c0 sp=0x0000006caedff100
Event: 1.265 Thread 0x0000026b3ee9f8b0 DEOPT UNPACKING pc=0x0000026b30b37982 sp=0x0000006caedff090 mode 2
Event: 1.353 Thread 0x0000026b84954260 Uncommon trap: trap_request=0xffffff45 fr.pc=0x0000026b31079ecc relative=0x000000000000028c
Event: 1.353 Thread 0x0000026b84954260 Uncommon trap: reason=unstable_if action=reinterpret pc=0x0000026b31079ecc method=java.lang.String.isLatin1()Z @ 10 c2
Event: 1.353 Thread 0x0000026b84954260 DEOPT PACKING pc=0x0000026b31079ecc sp=0x0000006cb01fd5c0
Event: 1.353 Thread 0x0000026b84954260 DEOPT UNPACKING pc=0x0000026b30b37982 sp=0x0000006cb01fd4f0 mode 2
Event: 1.451 Thread 0x0000026b84954260 Uncommon trap: trap_request=0xffffff45 fr.pc=0x0000026b310bab70 relative=0x0000000000000850
Event: 1.451 Thread 0x0000026b84954260 Uncommon trap: reason=unstable_if action=reinterpret pc=0x0000026b310bab70 method=java.lang.ref.SoftReference.get()Ljava/lang/Object; @ 17 c2
Event: 1.451 Thread 0x0000026b84954260 DEOPT PACKING pc=0x0000026b310bab70 sp=0x0000006cb01fe110
Event: 1.451 Thread 0x0000026b84954260 DEOPT UNPACKING pc=0x0000026b30b37982 sp=0x0000006cb01fdfd0 mode 2

Classes loaded (20 events):
Event: 1.974 Loading class javax/swing/Timer$1
Event: 1.974 Loading class javax/swing/Timer$1 done
Event: 2.232 Loading class sun/awt/DebugSettings
Event: 2.232 Loading class sun/awt/DebugSettings done
Event: 2.233 Loading class javax/swing/JComponent$KeyboardState
Event: 2.233 Loading class javax/swing/JComponent$KeyboardState done
Event: 2.233 Loading class javax/swing/JComponent$IntVector
Event: 2.233 Loading class javax/swing/JComponent$IntVector done
Event: 2.233 Loading class javax/swing/JInternalFrame
Event: 2.235 Loading class javax/swing/JInternalFrame done
Event: 2.235 Loading class javax/swing/KeyboardManager
Event: 2.235 Loading class javax/swing/KeyboardManager done
Event: 2.235 Loading class javax/swing/Popup$HeavyWeightWindow
Event: 2.235 Loading class sun/awt/ModalExclude
Event: 2.235 Loading class sun/awt/ModalExclude done
Event: 2.235 Loading class javax/swing/JWindow
Event: 2.235 Loading class javax/swing/JWindow done
Event: 2.235 Loading class javax/swing/Popup$HeavyWeightWindow done
Event: 6.889 Loading class java/awt/LightweightDispatcher$2
Event: 6.889 Loading class java/awt/LightweightDispatcher$2 done

Classes unloaded (0 events):
No events

Classes redefined (0 events):
No events

Internal exceptions (14 events):
Event: 0.161 Thread 0x0000026b1ea33520 Exception <a 'java/lang/NoSuchMethodError'{0x0000000750685188}: 'java.lang.Object java.lang.invoke.Invokers$Holder.invokeExact_MT(java.lang.Object, java.lang.Object, java.lang.Object, java.lang.Object, java.lang.Object)'> (0x0000000750685188) 
thrown [s\open\src\hotspot\share\interpreter\linkResolver.cpp, line 796]
Event: 0.182 Thread 0x0000026b841b4fc0 Exception <a 'java/lang/NoSuchMethodError'{0x00000007506fef58}: 'void java.lang.invoke.DirectMethodHandle$Holder.invokeStatic(java.lang.Object, java.lang.Object)'> (0x00000007506fef58) 
thrown [s\open\src\hotspot\share\interpreter\linkResolver.cpp, line 796]
Event: 0.193 Thread 0x0000026b1ea33520 Exception <a 'java/lang/ClassNotFoundException'{0x00000007506a9780}: sun/awt/resources/spi/awtProvider> (0x00000007506a9780) 
thrown [s\open\src\hotspot\share\classfile\systemDictionary.cpp, line 313]
Event: 0.219 Thread 0x0000026b1ea33520 Exception <a 'java/io/FileNotFoundException'{0x0000000750775830}> (0x0000000750775830) 
thrown [s\open\src\hotspot\share\prims\jni.cpp, line 520]
Event: 0.229 Thread 0x0000026b1ea33520 Exception <a 'java/io/FileNotFoundException'{0x00000007507a3990}> (0x00000007507a3990) 
thrown [s\open\src\hotspot\share\prims\jni.cpp, line 520]
Event: 0.334 Thread 0x0000026b1ea33520 Exception <a 'java/lang/NoSuchMethodError'{0x000000075043b4b0}: 'void java.lang.invoke.DirectMethodHandle$Holder.invokeSpecial(java.lang.Object, java.lang.Object, java.lang.Object)'> (0x000000075043b4b0) 
thrown [s\open\src\hotspot\share\interpreter\linkResolver.cpp, line 796]
Event: 0.352 Thread 0x0000026b1ea33520 Exception <a 'java/lang/NoSuchMethodError'{0x00000007505809d0}: 'java.lang.Object java.lang.invoke.DirectMethodHandle$Holder.invokeStatic(java.lang.Object, int, java.lang.Object)'> (0x00000007505809d0) 
thrown [s\open\src\hotspot\share\interpreter\linkResolver.cpp, line 796]
Event: 0.390 Thread 0x0000026b1ea33520 Exception <a 'java/lang/ClassNotFoundException'{0x00000007502279a0}: com/sun/swing/internal/plaf/metal/resources/spi/metalProvider> (0x00000007502279a0) 
thrown [s\open\src\hotspot\share\classfile\systemDictionary.cpp, line 313]
Event: 0.392 Thread 0x0000026b1ea33520 Exception <a 'java/lang/ClassNotFoundException'{0x000000075022b960}: com/sun/swing/internal/plaf/basic/resources/spi/basicProvider> (0x000000075022b960) 
thrown [s\open\src\hotspot\share\classfile\systemDictionary.cpp, line 313]
Event: 0.406 Thread 0x0000026b1ea33520 Exception <a 'java/lang/NoSuchMethodError'{0x00000007502481a8}: 'int java.lang.invoke.Invokers$Holder.invokeExact_MT(java.lang.Object, java.lang.Object)'> (0x00000007502481a8) 
thrown [s\open\src\hotspot\share\interpreter\linkResolver.cpp, line 796]
Event: 0.513 Thread 0x0000026b842bd110 Exception <a 'java/lang/NoSuchMethodError'{0x0000000750023c28}: 'java.lang.Object java.lang.invoke.DirectMethodHandle$Holder.newInvokeSpecial(java.lang.Object, java.lang.Object, java.lang.Object, int, int, int, int, int)'> (0x0000000750023c28) 
thrown [s\open\src\hotspot\share\interpreter\linkResolver.cpp, line 796]
Event: 0.947 Thread 0x0000026b1ea33520 Exception <a 'java/lang/NoSuchMethodError'{0x000000074ff24118}: 'void java.lang.invoke.DirectMethodHandle$Holder.invokeStaticInit(java.lang.Object)'> (0x000000074ff24118) 
thrown [s\open\src\hotspot\share\interpreter\linkResolver.cpp, line 796]
Event: 1.149 Thread 0x0000026b84954260 Exception <a 'java/io/FileNotFoundException'{0x000000074f2e52d8}> (0x000000074f2e52d8) 
thrown [s\open\src\hotspot\share\prims\jni.cpp, line 520]
Event: 1.161 Thread 0x0000026b84954260 Exception <a 'java/io/FileNotFoundException'{0x000000074f30e4e0}> (0x000000074f30e4e0) 
thrown [s\open\src\hotspot\share\prims\jni.cpp, line 520]

VM Operations (10 events):
Event: 0.244 Executing VM operation: HandshakeAllThreads (Deoptimize)
Event: 0.244 Executing VM operation: HandshakeAllThreads (Deoptimize) done
Event: 0.489 Executing VM operation: HandshakeAllThreads (Deoptimize)
Event: 0.489 Executing VM operation: HandshakeAllThreads (Deoptimize) done
Event: 0.565 Executing VM operation: HandshakeAllThreads (Deoptimize)
Event: 0.565 Executing VM operation: HandshakeAllThreads (Deoptimize) done
Event: 0.731 Executing VM operation: HandshakeAllThreads (Deoptimize)
Event: 0.731 Executing VM operation: HandshakeAllThreads (Deoptimize) done
Event: 1.260 Executing VM operation: G1CollectForAllocation (G1 Evacuation Pause)
Event: 1.265 Executing VM operation: G1CollectForAllocation (G1 Evacuation Pause) done

Memory protections (0 events):
No events

Nmethod flushes (0 events):
No events

Events (20 events):
Event: 0.055 Thread 0x0000026b1ea33520 Thread added: 0x0000026b3eea96f0
Event: 0.055 Thread 0x0000026b1ea33520 Thread added: 0x0000026b3eeaf4c0
Event: 0.056 Thread 0x0000026b1ea33520 Thread added: 0x0000026b3eebb4a0
Event: 0.056 Thread 0x0000026b1ea33520 Thread added: 0x0000026b3eebbdc0
Event: 0.091 Thread 0x0000026b1ea33520 Thread added: 0x0000026b3ee713e0
Event: 0.165 Thread 0x0000026b1ea33520 Thread added: 0x0000026b841b4fc0
Event: 0.165 Thread 0x0000026b1ea33520 Thread added: 0x0000026b841b5630
Event: 0.292 Thread 0x0000026b1ea33520 Thread added: 0x0000026b84349d40
Event: 0.294 Thread 0x0000026b1ea33520 Thread added: 0x0000026b8435d470
Event: 0.295 Thread 0x0000026b1ea33520 Thread added: 0x0000026b8436e7b0
Event: 0.415 Thread 0x0000026b1ea33520 Thread added: 0x0000026b842bd110
Event: 0.665 Thread 0x0000026b1ea33520 Thread added: 0x0000026b84a2f810
Event: 0.735 Thread 0x0000026b3eebbdc0 Thread added: 0x0000026b846a2c70
Event: 1.045 Thread 0x0000026b8436e7b0 Thread added: 0x0000026b84954260
Event: 1.073 Thread 0x0000026b1ea33520 Thread exited: 0x0000026b1ea33520
Event: 1.073 Thread 0x0000026b1ea33520 Thread added: 0x0000026b1ea33520
Event: 1.470 Thread 0x0000026b84954260 Thread added: 0x0000026b8588b3b0
Event: 1.976 Thread 0x0000026b846a2c70 Thread exited: 0x0000026b846a2c70
Event: 5.879 Thread 0x0000026b84a2f810 Thread exited: 0x0000026b84a2f810
Event: 5.927 Thread 0x0000026b842bd110 Thread exited: 0x0000026b842bd110


Dynamic libraries:
0x00007ff686a30000 - 0x00007ff686a40000 	C:\Program Files\Java\jdk-23\bin\java.exe
0x00007ffa94ea0000 - 0x00007ffa95107000 	C:\WINDOWS\SYSTEM32\ntdll.dll
0x00007ffa93a60000 - 0x00007ffa93b29000 	C:\WINDOWS\System32\KERNEL32.DLL
0x00007ffa92370000 - 0x00007ffa92760000 	C:\WINDOWS\System32\KERNELBASE.dll
0x00007ffa928c0000 - 0x00007ffa92a0b000 	C:\WINDOWS\System32\ucrtbase.dll
0x00007ffa8c660000 - 0x00007ffa8c67b000 	C:\Program Files\Java\jdk-23\bin\VCRUNTIME140.dll
0x00007ffa8c640000 - 0x00007ffa8c657000 	C:\Program Files\Java\jdk-23\bin\jli.dll
0x00007ffa93b30000 - 0x00007ffa93cf5000 	C:\WINDOWS\System32\USER32.dll
0x00007ffa80070000 - 0x00007ffa8030a000 	C:\WINDOWS\WinSxS\amd64_microsoft.windows.common-controls_6595b64144ccf1df_6.0.26100.4768_none_3e0c112ce331287c\COMCTL32.dll
0x00007ffa92110000 - 0x00007ffa92137000 	C:\WINDOWS\System32\win32u.dll
0x00007ffa93df0000 - 0x00007ffa93e99000 	C:\WINDOWS\System32\msvcrt.dll
0x00007ffa93fb0000 - 0x00007ffa93fdb000 	C:\WINDOWS\System32\GDI32.dll
0x00007ffa91fd0000 - 0x00007ffa92108000 	C:\WINDOWS\System32\gdi32full.dll
0x00007ffa92140000 - 0x00007ffa921e3000 	C:\WINDOWS\System32\msvcp_win.dll
0x00007ffa93600000 - 0x00007ffa9362f000 	C:\WINDOWS\System32\IMM32.DLL
0x00007ffa8cb60000 - 0x00007ffa8cb6c000 	C:\Program Files\Java\jdk-23\bin\vcruntime140_1.dll
0x00007ffa63080000 - 0x00007ffa6310e000 	C:\Program Files\Java\jdk-23\bin\msvcp140.dll
0x00007ffa1a630000 - 0x00007ffa1b380000 	C:\Program Files\Java\jdk-23\bin\server\jvm.dll
0x00007ffa94570000 - 0x00007ffa94624000 	C:\WINDOWS\System32\ADVAPI32.dll
0x00007ffa933e0000 - 0x00007ffa93486000 	C:\WINDOWS\System32\sechost.dll
0x00007ffa92f30000 - 0x00007ffa93048000 	C:\WINDOWS\System32\RPCRT4.dll
0x00007ffa92c30000 - 0x00007ffa92ca4000 	C:\WINDOWS\System32\WS2_32.dll
0x00007ffa91e50000 - 0x00007ffa91eae000 	C:\WINDOWS\SYSTEM32\POWRPROF.dll
0x00007ffa81760000 - 0x00007ffa81795000 	C:\WINDOWS\SYSTEM32\WINMM.dll
0x00007ffa8bb00000 - 0x00007ffa8bb0b000 	C:\WINDOWS\SYSTEM32\VERSION.dll
0x00007ffa91e30000 - 0x00007ffa91e44000 	C:\WINDOWS\SYSTEM32\UMPDC.dll
0x00007ffa90cb0000 - 0x00007ffa90ccb000 	C:\WINDOWS\SYSTEM32\kernel.appcore.dll
0x00007ffa8c510000 - 0x00007ffa8c51a000 	C:\Program Files\Java\jdk-23\bin\jimage.dll
0x00007ffa8f7b0000 - 0x00007ffa8f9f1000 	C:\WINDOWS\SYSTEM32\DBGHELP.DLL
0x00007ffa936d0000 - 0x00007ffa93a55000 	C:\WINDOWS\System32\combase.dll
0x00007ffa93d00000 - 0x00007ffa93de0000 	C:\WINDOWS\System32\OLEAUT32.dll
0x00007ffa7f020000 - 0x00007ffa7f063000 	C:\WINDOWS\SYSTEM32\dbgcore.DLL
0x00007ffa92b90000 - 0x00007ffa92c29000 	C:\WINDOWS\System32\bcryptPrimitives.dll
0x00007ffa8c500000 - 0x00007ffa8c50f000 	C:\Program Files\Java\jdk-23\bin\instrument.dll
0x00007ffa8af60000 - 0x00007ffa8af7e000 	C:\Program Files\Java\jdk-23\bin\java.dll
0x00007ffa93220000 - 0x00007ffa933c0000 	C:\WINDOWS\System32\ole32.dll
0x00007ffa94660000 - 0x00007ffa94dad000 	C:\WINDOWS\System32\SHELL32.dll
0x00007ffa92a10000 - 0x00007ffa92b83000 	C:\WINDOWS\System32\wintypes.dll
0x00007ffa8fb90000 - 0x00007ffa903ef000 	C:\WINDOWS\SYSTEM32\windows.storage.dll
0x00007ffa93eb0000 - 0x00007ffa93fa5000 	C:\WINDOWS\System32\SHCORE.dll
0x00007ffa93fe0000 - 0x00007ffa9404a000 	C:\WINDOWS\System32\shlwapi.dll
0x00007ffa91ef0000 - 0x00007ffa91f19000 	C:\WINDOWS\SYSTEM32\profapi.dll
0x00007ffa5c960000 - 0x00007ffa5ca37000 	C:\Program Files\Java\jdk-23\bin\jsvml.dll
0x00007ffa8af40000 - 0x00007ffa8af57000 	C:\Program Files\Java\jdk-23\bin\zip.dll
0x00007ffa8ba50000 - 0x00007ffa8ba60000 	C:\Program Files\Java\jdk-23\bin\net.dll
0x00007ffa912c0000 - 0x00007ffa9132b000 	C:\WINDOWS\system32\mswsock.dll
0x00007ffa8af20000 - 0x00007ffa8af36000 	C:\Program Files\Java\jdk-23\bin\nio.dll
0x00007ffa7b590000 - 0x00007ffa7b599000 	C:\Program Files\Java\jdk-23\bin\extnet.dll
0x00007ffa248f0000 - 0x00007ffa24a7e000 	C:\Program Files\Java\jdk-23\bin\awt.dll
0x00007ffa8ea80000 - 0x00007ffa8eb1e000 	C:\WINDOWS\SYSTEM32\apphelp.dll
0x00007ffa8f020000 - 0x00007ffa8f055000 	C:\WINDOWS\system32\DWMAPI.DLL
0x00007ffa8ecb0000 - 0x00007ffa8ed5f000 	C:\WINDOWS\system32\uxtheme.dll
0x00007ffa60450000 - 0x00007ffa60568000 	C:\WINDOWS\system32\opengl32.dll
0x00007ffa61260000 - 0x00007ffa6128d000 	C:\WINDOWS\SYSTEM32\GLU32.dll
0x00007ffa8ee60000 - 0x00007ffa8eead000 	C:\WINDOWS\SYSTEM32\dxcore.dll
0x00007ffa93490000 - 0x00007ffa935f1000 	C:\WINDOWS\System32\MSCTF.dll
0x00007ffa62a60000 - 0x00007ffa62ae7000 	C:\Program Files\Java\jdk-23\bin\freetype.dll
0x00007ffa24810000 - 0x00007ffa248e7000 	C:\Program Files\Java\jdk-23\bin\fontmanager.dll
0x00007ffa94db0000 - 0x00007ffa94e58000 	C:\WINDOWS\System32\clbcatq.dll
0x00007ffa8d390000 - 0x00007ffa8d5ce000 	C:\WINDOWS\SYSTEM32\WindowsCodecs.dll
0x00007ffa5a7f0000 - 0x00007ffa5a84a000 	C:\WINDOWS\system32\dataexchange.dll
0x00007ffa8bd60000 - 0x00007ffa8bf98000 	C:\WINDOWS\system32\twinapi.appcore.dll
0x00007ffa6e5e0000 - 0x00007ffa6e731000 	C:\WINDOWS\SYSTEM32\textinputframework.dll
0x00007ffa5ab20000 - 0x00007ffa5ab9d000 	C:\WINDOWS\system32\Oleacc.dll
0x00007ffa8e7b0000 - 0x00007ffa8e8d5000 	C:\WINDOWS\SYSTEM32\CoreMessaging.dll
0x00007ffa6db40000 - 0x00007ffa6de23000 	C:\WINDOWS\SYSTEM32\CoreUIComponents.dll
0x00007ffa915c0000 - 0x00007ffa915cc000 	C:\WINDOWS\SYSTEM32\CRYPTBASE.DLL

dbghelp: loaded successfully - version: 4.0.5 - missing functions: none
symbol engine: initialized successfully - sym options: 0x614 - pdb path: .;C:\Program Files\Java\jdk-23\bin;C:\WINDOWS\SYSTEM32;C:\WINDOWS\WinSxS\amd64_microsoft.windows.common-controls_6595b64144ccf1df_6.0.26100.4768_none_3e0c112ce331287c;C:\Program Files\Java\jdk-23\bin\server

VM Arguments:
jvm_args: -javaagent:D:\IntelliJ IDEA Community Edition 2025.1.3\lib\idea_rt.jar=54732 -Dfile.encoding=UTF-8 -Dsun.stdout.encoding=UTF-8 -Dsun.stderr.encoding=UTF-8 
java_command: bank.management.system.Login
java_class_path (initial): D:\UNIVERSITY\SEMESTER NO 02\LAB OOPS\SIR SHAHID\PROJECT\Bank Management System\out\production\Bank Management System;C:\Users\92333\Downloads\jcalendar-tz-1.3.3-4.jar;C:\Users\92333\Downloads\mysql-connector-java-8.0.28.jar
Launcher Type: SUN_STANDARD

[Global flags]
     intx CICompilerCount                          = 4                                         {product} {ergonomic}
     uint ConcGCThreads                            = 2                                         {product} {ergonomic}
     uint G1ConcRefinementThreads                  = 8                                         {product} {ergonomic}
   size_t G1HeapRegionSize                         = 2097152                                   {product} {ergonomic}
   size_t InitialHeapSize                          = 197132288                                 {product} {ergonomic}
   size_t MarkStackSize                            = 4194304                                   {product} {ergonomic}
   size_t MarkStackSizeMax                         = 536870912                                 {product} {ergonomic}
   size_t MaxHeapSize                              = 3139436544                                {product} {ergonomic}
   size_t MaxNewSize                               = 1883242496                                {product} {ergonomic}
   size_t MinHeapDeltaBytes                        = 2097152                                   {product} {ergonomic}
   size_t MinHeapSize                              = 8388608                                   {product} {ergonomic}
    uintx NonNMethodCodeHeapSize                   = 5832704                                {pd product} {ergonomic}
    uintx NonProfiledCodeHeapSize                  = 122945536                              {pd product} {ergonomic}
    uintx ProfiledCodeHeapSize                     = 122880000                              {pd product} {ergonomic}
    uintx ReservedCodeCacheSize                    = 251658240                              {pd product} {ergonomic}
     bool SegmentedCodeCache                       = true                                      {product} {ergonomic}
   size_t SoftMaxHeapSize                          = 3139436544                             {manageable} {ergonomic}
     bool UseCompressedOops                        = true                           {product lp64_product} {ergonomic}
     bool UseG1GC                                  = true                                      {product} {ergonomic}
     bool UseLargePagesIndividualAllocation        = false                                  {pd product} {ergonomic}

Logging:
Log output configuration:
 #0: stdout all=warning uptime,level,tags foldmultilines=false
 #1: stderr all=off uptime,level,tags foldmultilines=false

Environment Variables:
PATH=C:\Program Files\Common Files\Oracle\Java\javapath;C:\WINDOWS\system32;C:\WINDOWS;C:\WINDOWS\System32\Wbem;C:\WINDOWS\System32\WindowsPowerShell\v1.0\;C:\WINDOWS\System32\OpenSSH\;C:\Program Files\dotnet\;C:\Program Files\Git\cmd;C:\Program Files\nodejs\;D:\QT\ngrok-v3-stable-windows-amd64;;C:\Program Files\Docker\Docker\resources\bin;C:\ytdlp
USERNAME=92333
OS=Windows_NT
PROCESSOR_IDENTIFIER=Intel64 Family 6 Model 126 Stepping 5, GenuineIntel
TMP=C:\Users\92333\AppData\Local\Temp
TEMP=C:\Users\92333\AppData\Local\Temp




Periodic native trim disabled

---------------  S Y S T E M  ---------------

OS:
 Windows 11 , 64 bit Build 26100 (10.0.26100.4768)
OS uptime: 0 days 3:20 hours
Hyper-V role detected

CPU: total 8 (initial active 8) (4 cores per cpu, 2 threads per core) family 6 model 126 stepping 5 microcode 0xbc, cx8, cmov, fxsr, ht, mmx, 3dnowpref, sse, sse2, sse3, ssse3, sse4.1, sse4.2, popcnt, lzcnt, tsc, tscinvbit, avx, avx2, aes, erms, clmul, bmi1, bmi2, adx, avx512f, avx512dq, avx512cd, avx512bw, avx512vl, sha, fma, vzeroupper, avx512_vpopcntdq, avx512_vpclmulqdq, avx512_vaes, avx512_vnni, clflush, clflushopt, avx512_vbmi2, avx512_vbmi, hv, rdtscp, rdpid, fsrm, gfni, avx512_bitalg, f16c, avx512_ifma
Processor Information for processor 0
  Max Mhz: 1501, Current Mhz: 1000, Mhz Limit: 1501
Processor Information for processor 1
  Max Mhz: 1501, Current Mhz: 1501, Mhz Limit: 1501
Processor Information for processor 2
  Max Mhz: 1501, Current Mhz: 1000, Mhz Limit: 1501
Processor Information for processor 3
  Max Mhz: 1501, Current Mhz: 1000, Mhz Limit: 1501
Processor Information for processor 4
  Max Mhz: 1501, Current Mhz: 1000, Mhz Limit: 1501
Processor Information for processor 5
  Max Mhz: 1501, Current Mhz: 1000, Mhz Limit: 1501
Processor Information for processor 6
  Max Mhz: 1501, Current Mhz: 1000, Mhz Limit: 1501
Processor Information for processor 7
  Max Mhz: 1501, Current Mhz: 1000, Mhz Limit: 1501

Memory: 4k page, system-wide physical 11975M (3275M free)
TotalPageFile size 11975M (AvailPageFile size 0M)
current process WorkingSet (physical memory assigned to process): 106M, peak: 121M
current process commit charge ("private bytes"): 290M, peak: 304M

vm_info: Java HotSpot(TM) 64-Bit Server VM (23.0.2+7-58) for windows-amd64 JRE (23.0.2+7-58), built on 2024-11-29T09:34:55Z with MS VC++ 17.6 (VS2022)

END.
