#
# There is insufficient memory for the Java Runtime Environment to continue.
# Native memory allocation (mmap) failed to map 197132288 bytes. Error detail: G1 virtual space
# Possible reasons:
#   The system is out of physical RAM or swap space
#   This process is running with CompressedOops enabled, and the Java Heap may be blocking the growth of the native heap
# Possible solutions:
#   Reduce memory load on the system
#   Increase physical memory or swap space
#   Check if swap backing store is full
#   Decrease Java heap size (-Xmx/-Xms)
#   Decrease number of Java threads
#   Decrease Java thread stack sizes (-Xss)
#   Set larger code cache with -XX:ReservedCodeCacheSize=
#   JVM is running with Zero Based Compressed Oops mode in which the Java heap is
#     placed in the first 32GB address space. The Java Heap base address is the
#     maximum limit for the native heap growth. Please use -XX:HeapBaseMinAddress
#     to set the Java Heap base and to place the Java Heap above 32GB virtual address.
# This output file may be truncated or incomplete.
#
#  Out of Memory Error (os_windows.cpp:3707), pid=9848, tid=23336
#
# JRE version:  (23.0.2+7) (build )
# Java VM: Java HotSpot(TM) 64-Bit Server VM (23.0.2+7-58, mixed mode, sharing, tiered, compressed oops, compressed class ptrs, g1 gc, windows-amd64)
# No core dump will be written. Minidumps are not enabled by default on client versions of Windows
#

---------------  S U M M A R Y ------------

Command Line: -javaagent:D:\IntelliJ IDEA Community Edition 2025.1.3\lib\idea_rt.jar=61920 -Dfile.encoding=UTF-8 -Dsun.stdout.encoding=UTF-8 -Dsun.stderr.encoding=UTF-8 bank.management.system.Signup2

Host: Intel(R) Core(TM) i7-1065G7 CPU @ 1.30GHz, 8 cores, 11G,  Windows 11 , 64 bit Build 26100 (10.0.26100.4768)
Time: Tue Jul 29 02:17:22 2025 Pakistan Standard Time elapsed time: 1.058477 seconds (0d 0h 0m 1s)

---------------  T H R E A D  ---------------

Current thread (0x000001f7f4007b20):  JavaThread "Unknown thread" [_thread_in_vm, id=23336, stack(0x00000099d2000000,0x00000099d2100000) (1024K)]

Stack: [0x00000099d2000000,0x00000099d2100000]
Native frames: (J=compiled Java code, j=interpreted, Vv=VM code, C=native code)
V  [jvm.dll+0x6e0b99]  (no source info available)
V  [jvm.dll+0x87e2b3]  (no source info available)
V  [jvm.dll+0x88073e]  (no source info available)
V  [jvm.dll+0x880e13]  (no source info available)
V  [jvm.dll+0x27b006]  (no source info available)
V  [jvm.dll+0x6dd485]  (no source info available)
V  [jvm.dll+0x6d127a]  (no source info available)
V  [jvm.dll+0x35b50a]  (no source info available)
V  [jvm.dll+0x363916]  (no source info available)
V  [jvm.dll+0x34fe7e]  (no source info available)
V  [jvm.dll+0x350118]  (no source info available)
V  [jvm.dll+0x328aec]  (no source info available)
V  [jvm.dll+0x32978e]  (no source info available)
V  [jvm.dll+0x8449a5]  (no source info available)
V  [jvm.dll+0x3b9a08]  (no source info available)
V  [jvm.dll+0x82d68c]  (no source info available)
V  [jvm.dll+0x454f2e]  (no source info available)
V  [jvm.dll+0x456db1]  (no source info available)
C  [jli.dll+0x52a3]  (no source info available)
C  [ucrtbase.dll+0x37b0]  (no source info available)
C  [KERNEL32.DLL+0x2e8d7]  (no source info available)
C  [ntdll.dll+0x3c34c]  (no source info available)

Lock stack of current Java thread (top to bottom):


---------------  P R O C E S S  ---------------

Threads class SMR info:
_java_thread_list=0x00007ffd6b374618, length=0, elements={
}

Java Threads: ( => current thread )
Total: 0

Other Threads:
  0x000001f7f405baf0 WorkerThread "GC Thread#0"                     [id=15560, stack(0x00000099d2100000,0x00000099d2200000) (1024K)]
  0x000001f7f406c5c0 ConcurrentGCThread "G1 Main Marker"            [id=24600, stack(0x00000099d2200000,0x00000099d2300000) (1024K)]
  0x000001f7f406df50 WorkerThread "G1 Conc#0"                       [id=7724, stack(0x00000099d2300000,0x00000099d2400000) (1024K)]

[error occurred during error reporting (printing all threads), id 0xc0000005, EXCEPTION_ACCESS_VIOLATION (0xc0000005) at pc=0x00007ffd6aabc0da]
VM state: not at safepoint (not fully initialized)

VM Mutex/Monitor currently owned by a thread:  ([mutex/lock_event])
[0x00007ffd6b3f4988] Heap_lock - owner thread: 0x000001f7f4007b20

Heap address: 0x0000000744e00000, size: 2994 MB, Compressed Oops mode: Zero based, Oop shift amount: 3

CDS archive(s) mapped at: [0x0000000000000000-0x0000000000000000-0x0000000000000000), size 0, SharedBaseAddress: 0x0000000800000000, ArchiveRelocationMode: 1.
Narrow klass base: 0x0000000000000000, Narrow klass shift: 0, Narrow klass range: 0x0

GC Precious Log:
 CardTable entry size: 512
 Card Set container configuration: InlinePtr #cards 4 size 8 Array Of Cards #cards 16 size 48 Howl #buckets 8 coarsen threshold 3686 Howl Bitmap #cards 512 size 80 coarsen threshold 460 Card regions per heap region 1 cards per card region 4096

Heap:
 garbage-first heap   total reserved 3065856K, committed 0K, used 0K [0x0000000744e00000, 0x0000000800000000)
  region size 2048K, 0 young (0K), 0 survivors (0K)

[error occurred during error reporting (printing heap information), id 0xc0000005, EXCEPTION_ACCESS_VIOLATION (0xc0000005) at pc=0x00007ffd6aebc6a9]
GC Heap History (0 events):
No events

Dll operation events (1 events):
Event: 0.023 Loaded shared library C:\Program Files\Java\jdk-23\bin\java.dll

Deoptimization events (0 events):
No events

Classes loaded (0 events):
No events

Classes unloaded (0 events):
No events

Classes redefined (0 events):
No events

Internal exceptions (0 events):
No events

VM Operations (0 events):
No events

Memory protections (0 events):
No events

Nmethod flushes (0 events):
No events

Events (0 events):
No events


Dynamic libraries:
0x00007ff6c0c10000 - 0x00007ff6c0c20000 	C:\Program Files\Java\jdk-23\bin\java.exe
0x00007ffe148c0000 - 0x00007ffe14b27000 	C:\WINDOWS\SYSTEM32\ntdll.dll
0x00007ffe135f0000 - 0x00007ffe136b9000 	C:\WINDOWS\System32\KERNEL32.DLL
0x00007ffe11d70000 - 0x00007ffe12160000 	C:\WINDOWS\System32\KERNELBASE.dll
0x00007ffe12170000 - 0x00007ffe122bb000 	C:\WINDOWS\System32\ucrtbase.dll
0x00007ffdf61e0000 - 0x00007ffdf61fb000 	C:\Program Files\Java\jdk-23\bin\VCRUNTIME140.dll
0x00007ffdf2580000 - 0x00007ffdf2597000 	C:\Program Files\Java\jdk-23\bin\jli.dll
0x00007ffe146b0000 - 0x00007ffe14875000 	C:\WINDOWS\System32\USER32.dll
0x00007ffdf6a40000 - 0x00007ffdf6cda000 	C:\WINDOWS\WinSxS\amd64_microsoft.windows.common-controls_6595b64144ccf1df_6.0.26100.4768_none_3e0c112ce331287c\COMCTL32.dll
0x00007ffe11d40000 - 0x00007ffe11d67000 	C:\WINDOWS\System32\win32u.dll
0x00007ffe14350000 - 0x00007ffe143f9000 	C:\WINDOWS\System32\msvcrt.dll
0x00007ffe14320000 - 0x00007ffe1434b000 	C:\WINDOWS\System32\GDI32.dll
0x00007ffe119f0000 - 0x00007ffe11b28000 	C:\WINDOWS\System32\gdi32full.dll
0x00007ffe11c90000 - 0x00007ffe11d33000 	C:\WINDOWS\System32\msvcp_win.dll
0x00007ffe134c0000 - 0x00007ffe134ef000 	C:\WINDOWS\System32\IMM32.DLL
0x00007ffe0e250000 - 0x00007ffe0e25c000 	C:\Program Files\Java\jdk-23\bin\vcruntime140_1.dll
0x00007ffdea130000 - 0x00007ffdea1be000 	C:\Program Files\Java\jdk-23\bin\msvcp140.dll
0x00007ffd6a780000 - 0x00007ffd6b4d0000 	C:\Program Files\Java\jdk-23\bin\server\jvm.dll
0x00007ffe145e0000 - 0x00007ffe14694000 	C:\WINDOWS\System32\ADVAPI32.dll
0x00007ffe12ec0000 - 0x00007ffe12f66000 	C:\WINDOWS\System32\sechost.dll
0x00007ffe12650000 - 0x00007ffe12768000 	C:\WINDOWS\System32\RPCRT4.dll
0x00007ffe13740000 - 0x00007ffe137b4000 	C:\WINDOWS\System32\WS2_32.dll
0x00007ffe11870000 - 0x00007ffe118ce000 	C:\WINDOWS\SYSTEM32\POWRPROF.dll
0x00007ffe0b0a0000 - 0x00007ffe0b0ab000 	C:\WINDOWS\SYSTEM32\VERSION.dll
0x00007ffdfe5a0000 - 0x00007ffdfe5d5000 	C:\WINDOWS\SYSTEM32\WINMM.dll
0x00007ffe11850000 - 0x00007ffe11864000 	C:\WINDOWS\SYSTEM32\UMPDC.dll
0x00007ffe106a0000 - 0x00007ffe106bb000 	C:\WINDOWS\SYSTEM32\kernel.appcore.dll
0x00007ffe0c530000 - 0x00007ffe0c53a000 	C:\Program Files\Java\jdk-23\bin\jimage.dll
0x00007ffe0f060000 - 0x00007ffe0f2a1000 	C:\WINDOWS\SYSTEM32\DBGHELP.DLL
0x00007ffe12f70000 - 0x00007ffe132f5000 	C:\WINDOWS\System32\combase.dll
0x00007ffe13500000 - 0x00007ffe135e0000 	C:\WINDOWS\System32\OLEAUT32.dll
0x00007ffdf2fe0000 - 0x00007ffdf3023000 	C:\WINDOWS\SYSTEM32\dbgcore.DLL
0x00007ffe11bf0000 - 0x00007ffe11c89000 	C:\WINDOWS\System32\bcryptPrimitives.dll
0x00007ffdf4120000 - 0x00007ffdf412f000 	C:\Program Files\Java\jdk-23\bin\instrument.dll
0x00007ffdf2150000 - 0x00007ffdf216e000 	C:\Program Files\Java\jdk-23\bin\java.dll
0x00007ffe13c30000 - 0x00007ffe13dd0000 	C:\WINDOWS\System32\ole32.dll
0x00007ffe12770000 - 0x00007ffe12ebd000 	C:\WINDOWS\System32\SHELL32.dll
0x00007ffe122c0000 - 0x00007ffe12433000 	C:\WINDOWS\System32\wintypes.dll

dbghelp: loaded successfully - version: 4.0.5 - missing functions: none
symbol engine: initialized successfully - sym options: 0x614 - pdb path: .;C:\Program Files\Java\jdk-23\bin;C:\WINDOWS\SYSTEM32;C:\WINDOWS\WinSxS\amd64_microsoft.windows.common-controls_6595b64144ccf1df_6.0.26100.4768_none_3e0c112ce331287c;C:\Program Files\Java\jdk-23\bin\server

VM Arguments:
jvm_args: -javaagent:D:\IntelliJ IDEA Community Edition 2025.1.3\lib\idea_rt.jar=61920 -Dfile.encoding=UTF-8 -Dsun.stdout.encoding=UTF-8 -Dsun.stderr.encoding=UTF-8 
java_command: bank.management.system.Signup2
java_class_path (initial): D:\UNIVERSITY\SEMESTER NO 02\LAB OOPS\SIR SHAHID\PROJECT\Bank Management System\out\production\Bank Management System;C:\Users\92333\Downloads\jcalendar-tz-1.3.3-4.jar;C:\Users\92333\Downloads\mysql-connector-java-8.0.28.jar
Launcher Type: SUN_STANDARD

[Global flags]
     intx CICompilerCount                          = 4                                         {product} {ergonomic}
     uint ConcGCThreads                            = 2                                         {product} {ergonomic}
     uint G1ConcRefinementThreads                  = 8                                         {product} {ergonomic}
   size_t G1HeapRegionSize                         = 2097152                                   {product} {ergonomic}
   size_t InitialHeapSize                          = 197132288                                 {product} {ergonomic}
   size_t MarkStackSize                            = 4194304                                   {product} {ergonomic}
   size_t MarkStackSizeMax                         = 536870912                                 {product} {ergonomic}
   size_t MaxHeapSize                              = 3139436544                                {product} {ergonomic}
   size_t MinHeapDeltaBytes                        = 2097152                                   {product} {ergonomic}
   size_t MinHeapSize                              = 8388608                                   {product} {ergonomic}
    uintx NonNMethodCodeHeapSize                   = 5832704                                {pd product} {ergonomic}
    uintx NonProfiledCodeHeapSize                  = 122945536                              {pd product} {ergonomic}
    uintx ProfiledCodeHeapSize                     = 122880000                              {pd product} {ergonomic}
    uintx ReservedCodeCacheSize                    = 251658240                              {pd product} {ergonomic}
     bool SegmentedCodeCache                       = true                                      {product} {ergonomic}
   size_t SoftMaxHeapSize                          = 3139436544                             {manageable} {ergonomic}
     bool UseCompressedOops                        = true                           {product lp64_product} {ergonomic}
     bool UseG1GC                                  = true                                      {product} {ergonomic}
     bool UseLargePagesIndividualAllocation        = false                                  {pd product} {ergonomic}

Logging:
Log output configuration:
 #0: stdout all=warning uptime,level,tags foldmultilines=false
 #1: stderr all=off uptime,level,tags foldmultilines=false

Environment Variables:
PATH=C:\Program Files\Common Files\Oracle\Java\javapath;C:\WINDOWS\system32;C:\WINDOWS;C:\WINDOWS\System32\Wbem;C:\WINDOWS\System32\WindowsPowerShell\v1.0\;C:\WINDOWS\System32\OpenSSH\;C:\Program Files\dotnet\;C:\Program Files\Git\cmd;C:\Program Files\nodejs\;D:\QT\ngrok-v3-stable-windows-amd64;;C:\Program Files\Docker\Docker\resources\bin;C:\Program Files\MySQL\MySQL Shell 8.0\bin\;C:\Users\92333\AppData\Local\Microsoft\WindowsApps;C:\Users\92333\AppData\Local\Programs\Microsoft VS Code\bin;C:\msys64\ucrt64\bin;C:\Program Files\Java\jdk-21\bin;C:\Users\92333\AppData\Roaming\npm;D:\IntelliJ IDEA Community Edition 2025.1.3\bin;
USERNAME=92333
OS=Windows_NT
PROCESSOR_IDENTIFIER=Intel64 Family 6 Model 126 Stepping 5, GenuineIntel
TMP=C:\Users\92333\AppData\Local\Temp
TEMP=C:\Users\92333\AppData\Local\Temp




Periodic native trim disabled

---------------  S Y S T E M  ---------------

OS:
 Windows 11 , 64 bit Build 26100 (10.0.26100.4768)
OS uptime: 4 days 2:46 hours
Hyper-V role detected

CPU: total 8 (initial active 8) (4 cores per cpu, 2 threads per core) family 6 model 126 stepping 5 microcode 0xbc, cx8, cmov, fxsr, ht, mmx, 3dnowpref, sse, sse2, sse3, ssse3, sse4.1, sse4.2, popcnt, lzcnt, tsc, tscinvbit, avx, avx2, aes, erms, clmul, bmi1, bmi2, adx, avx512f, avx512dq, avx512cd, avx512bw, avx512vl, sha, fma, vzeroupper, avx512_vpopcntdq, avx512_vpclmulqdq, avx512_vaes, avx512_vnni, clflush, clflushopt, avx512_vbmi2, avx512_vbmi, hv, rdtscp, rdpid, fsrm, gfni, avx512_bitalg, f16c, avx512_ifma
Processor Information for processor 0
  Max Mhz: 1501, Current Mhz: 1501, Mhz Limit: 1501
Processor Information for processor 1
  Max Mhz: 1501, Current Mhz: 1501, Mhz Limit: 1501
Processor Information for processor 2
  Max Mhz: 1501, Current Mhz: 1000, Mhz Limit: 1501
Processor Information for processor 3
  Max Mhz: 1501, Current Mhz: 1000, Mhz Limit: 1501
Processor Information for processor 4
  Max Mhz: 1501, Current Mhz: 1501, Mhz Limit: 1501
Processor Information for processor 5
  Max Mhz: 1501, Current Mhz: 1501, Mhz Limit: 1501
Processor Information for processor 6
  Max Mhz: 1501, Current Mhz: 1000, Mhz Limit: 1501
Processor Information for processor 7
  Max Mhz: 1501, Current Mhz: 1501, Mhz Limit: 1501

Memory: 4k page, system-wide physical 11975M (3229M free)
TotalPageFile size 11975M (AvailPageFile size 101M)
current process WorkingSet (physical memory assigned to process): 14M, peak: 14M
current process commit charge ("private bytes"): 60M, peak: 248M

vm_info: Java HotSpot(TM) 64-Bit Server VM (23.0.2+7-58) for windows-amd64 JRE (23.0.2+7-58), built on 2024-11-29T09:34:55Z with MS VC++ 17.6 (VS2022)

END.
