#
# There is insufficient memory for the Java Runtime Environment to continue.
# Native memory allocation (mmap) failed to map 197132288 bytes. Error detail: G1 virtual space
# Possible reasons:
#   The system is out of physical RAM or swap space
#   This process is running with CompressedOops enabled, and the Java Heap may be blocking the growth of the native heap
# Possible solutions:
#   Reduce memory load on the system
#   Increase physical memory or swap space
#   Check if swap backing store is full
#   Decrease Java heap size (-Xmx/-Xms)
#   Decrease number of Java threads
#   Decrease Java thread stack sizes (-Xss)
#   Set larger code cache with -XX:ReservedCodeCacheSize=
#   JVM is running with Zero Based Compressed Oops mode in which the Java heap is
#     placed in the first 32GB address space. The Java Heap base address is the
#     maximum limit for the native heap growth. Please use -XX:HeapBaseMinAddress
#     to set the Java Heap base and to place the Java Heap above 32GB virtual address.
# This output file may be truncated or incomplete.
#
#  Out of Memory Error (os_windows.cpp:3707), pid=12552, tid=13536
#
# JRE version:  (23.0.2+7) (build )
# Java VM: Java HotSpot(TM) 64-Bit Server VM (23.0.2+7-58, mixed mode, sharing, tiered, compressed oops, compressed class ptrs, g1 gc, windows-amd64)
# No core dump will be written. Minidumps are not enabled by default on client versions of Windows
#

---------------  S U M M A R Y ------------

Command Line: -javaagent:D:\IntelliJ IDEA Community Edition 2025.1.3\lib\idea_rt.jar=63570 -Dfile.encoding=UTF-8 -Dsun.stdout.encoding=UTF-8 -Dsun.stderr.encoding=UTF-8 bank.management.system.Signup2

Host: Intel(R) Core(TM) i7-1065G7 CPU @ 1.30GHz, 8 cores, 11G,  Windows 11 , 64 bit Build 26100 (10.0.26100.4768)
Time: Sun Aug 24 03:40:30 2025 Pakistan Standard Time elapsed time: 1.061514 seconds (0d 0h 0m 1s)

---------------  T H R E A D  ---------------

Current thread (0x00000229dbb26e10):  JavaThread "Unknown thread" [_thread_in_vm, id=13536, stack(0x000000ca63900000,0x000000ca63a00000) (1024K)]

Stack: [0x000000ca63900000,0x000000ca63a00000]
Native frames: (J=compiled Java code, j=interpreted, Vv=VM code, C=native code)
V  [jvm.dll+0x6e0b99]  (no source info available)
V  [jvm.dll+0x87e2b3]  (no source info available)
V  [jvm.dll+0x88073e]  (no source info available)
V  [jvm.dll+0x880e13]  (no source info available)
V  [jvm.dll+0x27b006]  (no source info available)
V  [jvm.dll+0x6dd485]  (no source info available)
V  [jvm.dll+0x6d127a]  (no source info available)
V  [jvm.dll+0x35b50a]  (no source info available)
V  [jvm.dll+0x363916]  (no source info available)
V  [jvm.dll+0x34fe7e]  (no source info available)
V  [jvm.dll+0x350118]  (no source info available)
V  [jvm.dll+0x328aec]  (no source info available)
V  [jvm.dll+0x32978e]  (no source info available)
V  [jvm.dll+0x8449a5]  (no source info available)
V  [jvm.dll+0x3b9a08]  (no source info available)
V  [jvm.dll+0x82d68c]  (no source info available)
V  [jvm.dll+0x454f2e]  (no source info available)
V  [jvm.dll+0x456db1]  (no source info available)
C  [jli.dll+0x52a3]  (no source info available)
C  [ucrtbase.dll+0x37b0]  (no source info available)
C  [KERNEL32.DLL+0x2e8d7]  (no source info available)
C  [ntdll.dll+0x3c34c]  (no source info available)

Lock stack of current Java thread (top to bottom):


---------------  P R O C E S S  ---------------

Threads class SMR info:
_java_thread_list=0x00007ff896dd4618, length=0, elements={
}

Java Threads: ( => current thread )
Total: 0

Other Threads:
  0x00000229dbb7b970 WorkerThread "GC Thread#0"                     [id=6524, stack(0x000000ca63a00000,0x000000ca63b00000) (1024K)]
  0x00000229dbb8d2c0 ConcurrentGCThread "G1 Main Marker"            [id=9372, stack(0x000000ca63b00000,0x000000ca63c00000) (1024K)]
  0x00000229dbb8e570 WorkerThread "G1 Conc#0"                       [id=16024, stack(0x000000ca63c00000,0x000000ca63d00000) (1024K)]

[error occurred during error reporting (printing all threads), id 0xc0000005, EXCEPTION_ACCESS_VIOLATION (0xc0000005) at pc=0x00007ff89651c0da]
VM state: not at safepoint (not fully initialized)

VM Mutex/Monitor currently owned by a thread:  ([mutex/lock_event])
[0x00007ff896e54988] Heap_lock - owner thread: 0x00000229dbb26e10

Heap address: 0x0000000744e00000, size: 2994 MB, Compressed Oops mode: Zero based, Oop shift amount: 3

CDS archive(s) mapped at: [0x0000000000000000-0x0000000000000000-0x0000000000000000), size 0, SharedBaseAddress: 0x0000000800000000, ArchiveRelocationMode: 1.
Narrow klass base: 0x0000000000000000, Narrow klass shift: 0, Narrow klass range: 0x0

GC Precious Log:
 CardTable entry size: 512
 Card Set container configuration: InlinePtr #cards 4 size 8 Array Of Cards #cards 16 size 48 Howl #buckets 8 coarsen threshold 3686 Howl Bitmap #cards 512 size 80 coarsen threshold 460 Card regions per heap region 1 cards per card region 4096

Heap:
 garbage-first heap   total reserved 3065856K, committed 0K, used 0K [0x0000000744e00000, 0x0000000800000000)
  region size 2048K, 0 young (0K), 0 survivors (0K)

[error occurred during error reporting (printing heap information), id 0xc0000005, EXCEPTION_ACCESS_VIOLATION (0xc0000005) at pc=0x00007ff89691c6a9]
GC Heap History (0 events):
No events

Dll operation events (1 events):
Event: 0.014 Loaded shared library C:\Program Files\Java\jdk-23\bin\java.dll

Deoptimization events (0 events):
No events

Classes loaded (0 events):
No events

Classes unloaded (0 events):
No events

Classes redefined (0 events):
No events

Internal exceptions (0 events):
No events

VM Operations (0 events):
No events

Memory protections (0 events):
No events

Nmethod flushes (0 events):
No events

Events (0 events):
No events


Dynamic libraries:
0x00007ff630800000 - 0x00007ff630810000 	C:\Program Files\Java\jdk-23\bin\java.exe
0x00007ff8e2cc0000 - 0x00007ff8e2f27000 	C:\WINDOWS\SYSTEM32\ntdll.dll
0x00007ff8e1300000 - 0x00007ff8e13c9000 	C:\WINDOWS\System32\KERNEL32.DLL
0x00007ff8e0220000 - 0x00007ff8e0610000 	C:\WINDOWS\System32\KERNELBASE.dll
0x00007ff8e0040000 - 0x00007ff8e018b000 	C:\WINDOWS\System32\ucrtbase.dll
0x00007ff8dab00000 - 0x00007ff8dab1b000 	C:\Program Files\Java\jdk-23\bin\VCRUNTIME140.dll
0x00007ff8da9e0000 - 0x00007ff8da9f7000 	C:\Program Files\Java\jdk-23\bin\jli.dll
0x00007ff8e14c0000 - 0x00007ff8e1685000 	C:\WINDOWS\System32\USER32.dll
0x00007ff8c6b20000 - 0x00007ff8c6dba000 	C:\WINDOWS\WinSxS\amd64_microsoft.windows.common-controls_6595b64144ccf1df_6.0.26100.4768_none_3e0c112ce331287c\COMCTL32.dll
0x00007ff8dfe90000 - 0x00007ff8dfeb7000 	C:\WINDOWS\System32\win32u.dll
0x00007ff8e1410000 - 0x00007ff8e14b9000 	C:\WINDOWS\System32\msvcrt.dll
0x00007ff8e13e0000 - 0x00007ff8e140b000 	C:\WINDOWS\System32\GDI32.dll
0x00007ff8e0850000 - 0x00007ff8e0988000 	C:\WINDOWS\System32\gdi32full.dll
0x00007ff8e07a0000 - 0x00007ff8e0843000 	C:\WINDOWS\System32\msvcp_win.dll
0x00007ff8e2c10000 - 0x00007ff8e2c3f000 	C:\WINDOWS\System32\IMM32.DLL
0x00007ff8daaf0000 - 0x00007ff8daafc000 	C:\Program Files\Java\jdk-23\bin\vcruntime140_1.dll
0x00007ff8c5f90000 - 0x00007ff8c601e000 	C:\Program Files\Java\jdk-23\bin\msvcp140.dll
0x00007ff8961e0000 - 0x00007ff896f30000 	C:\Program Files\Java\jdk-23\bin\server\jvm.dll
0x00007ff8e1760000 - 0x00007ff8e1814000 	C:\WINDOWS\System32\ADVAPI32.dll
0x00007ff8e1cf0000 - 0x00007ff8e1d96000 	C:\WINDOWS\System32\sechost.dll
0x00007ff8e2af0000 - 0x00007ff8e2c08000 	C:\WINDOWS\System32\RPCRT4.dll
0x00007ff8e1910000 - 0x00007ff8e1984000 	C:\WINDOWS\System32\WS2_32.dll
0x00007ff8dfc70000 - 0x00007ff8dfcce000 	C:\WINDOWS\SYSTEM32\POWRPROF.dll
0x00007ff8cd7e0000 - 0x00007ff8cd815000 	C:\WINDOWS\SYSTEM32\WINMM.dll
0x00007ff8d94c0000 - 0x00007ff8d94cb000 	C:\WINDOWS\SYSTEM32\VERSION.dll
0x00007ff8dfc50000 - 0x00007ff8dfc64000 	C:\WINDOWS\SYSTEM32\UMPDC.dll
0x00007ff8deb50000 - 0x00007ff8deb6b000 	C:\WINDOWS\SYSTEM32\kernel.appcore.dll
0x00007ff8daad0000 - 0x00007ff8daada000 	C:\Program Files\Java\jdk-23\bin\jimage.dll
0x00007ff8dd460000 - 0x00007ff8dd6a1000 	C:\WINDOWS\SYSTEM32\DBGHELP.DLL
0x00007ff8e25d0000 - 0x00007ff8e2955000 	C:\WINDOWS\System32\combase.dll
0x00007ff8e1fd0000 - 0x00007ff8e20b0000 	C:\WINDOWS\System32\OLEAUT32.dll
0x00007ff8c3c40000 - 0x00007ff8c3c83000 	C:\WINDOWS\SYSTEM32\dbgcore.DLL
0x00007ff8dfdf0000 - 0x00007ff8dfe89000 	C:\WINDOWS\System32\bcryptPrimitives.dll
0x00007ff8dac80000 - 0x00007ff8dac8f000 	C:\Program Files\Java\jdk-23\bin\instrument.dll
0x00007ff8da1b0000 - 0x00007ff8da1ce000 	C:\Program Files\Java\jdk-23\bin\java.dll
0x00007ff8e1e20000 - 0x00007ff8e1fc0000 	C:\WINDOWS\System32\ole32.dll
0x00007ff8e0ab0000 - 0x00007ff8e11fd000 	C:\WINDOWS\System32\SHELL32.dll
0x00007ff8e0620000 - 0x00007ff8e0793000 	C:\WINDOWS\System32\wintypes.dll

dbghelp: loaded successfully - version: 4.0.5 - missing functions: none
symbol engine: initialized successfully - sym options: 0x614 - pdb path: .;C:\Program Files\Java\jdk-23\bin;C:\WINDOWS\SYSTEM32;C:\WINDOWS\WinSxS\amd64_microsoft.windows.common-controls_6595b64144ccf1df_6.0.26100.4768_none_3e0c112ce331287c;C:\Program Files\Java\jdk-23\bin\server

VM Arguments:
jvm_args: -javaagent:D:\IntelliJ IDEA Community Edition 2025.1.3\lib\idea_rt.jar=63570 -Dfile.encoding=UTF-8 -Dsun.stdout.encoding=UTF-8 -Dsun.stderr.encoding=UTF-8 
java_command: bank.management.system.Signup2
java_class_path (initial): D:\UNIVERSITY\SEMESTER NO 02\LAB OOPS\SIR SHAHID\PROJECT\Bank Management System\out\production\Bank Management System;C:\Users\92333\Downloads\jcalendar-tz-1.3.3-4.jar;C:\Users\92333\Downloads\mysql-connector-java-8.0.28.jar
Launcher Type: SUN_STANDARD

[Global flags]
     intx CICompilerCount                          = 4                                         {product} {ergonomic}
     uint ConcGCThreads                            = 2                                         {product} {ergonomic}
     uint G1ConcRefinementThreads                  = 8                                         {product} {ergonomic}
   size_t G1HeapRegionSize                         = 2097152                                   {product} {ergonomic}
   size_t InitialHeapSize                          = 197132288                                 {product} {ergonomic}
   size_t MarkStackSize                            = 4194304                                   {product} {ergonomic}
   size_t MarkStackSizeMax                         = 536870912                                 {product} {ergonomic}
   size_t MaxHeapSize                              = 3139436544                                {product} {ergonomic}
   size_t MinHeapDeltaBytes                        = 2097152                                   {product} {ergonomic}
   size_t MinHeapSize                              = 8388608                                   {product} {ergonomic}
    uintx NonNMethodCodeHeapSize                   = 5832704                                {pd product} {ergonomic}
    uintx NonProfiledCodeHeapSize                  = 122945536                              {pd product} {ergonomic}
    uintx ProfiledCodeHeapSize                     = 122880000                              {pd product} {ergonomic}
    uintx ReservedCodeCacheSize                    = 251658240                              {pd product} {ergonomic}
     bool SegmentedCodeCache                       = true                                      {product} {ergonomic}
   size_t SoftMaxHeapSize                          = 3139436544                             {manageable} {ergonomic}
     bool UseCompressedOops                        = true                           {product lp64_product} {ergonomic}
     bool UseG1GC                                  = true                                      {product} {ergonomic}
     bool UseLargePagesIndividualAllocation        = false                                  {pd product} {ergonomic}

Logging:
Log output configuration:
 #0: stdout all=warning uptime,level,tags foldmultilines=false
 #1: stderr all=off uptime,level,tags foldmultilines=false

Environment Variables:
PATH=C:\Program Files\Common Files\Oracle\Java\javapath;C:\WINDOWS\system32;C:\WINDOWS;C:\WINDOWS\System32\Wbem;C:\WINDOWS\System32\WindowsPowerShell\v1.0\;C:\WINDOWS\System32\OpenSSH\;C:\Program Files\dotnet\;C:\Program Files\Git\cmd;C:\Program Files\nodejs\;D:\QT\ngrok-v3-stable-windows-amd64;;C:\Program Files\Docker\Docker\resources\bin;C:\Users\92333\AppData\Local\Programs\Python\Python313\Scripts\;C:\Users\92333\AppData\Local\Programs\Python\Python313\;C:\Users\92333\AppData\Local\Programs\Python\Launcher\;C:\ytdlp;C:\Users\92333\AppData\Local\Programs\Microsoft VS Code\bin
USERNAME=92333
OS=Windows_NT
PROCESSOR_IDENTIFIER=Intel64 Family 6 Model 126 Stepping 5, GenuineIntel
TMP=C:\Users\92333\AppData\Local\Temp
TEMP=C:\Users\92333\AppData\Local\Temp




Periodic native trim disabled

---------------  S Y S T E M  ---------------

OS:
 Windows 11 , 64 bit Build 26100 (10.0.26100.4768)
OS uptime: 0 days 4:51 hours
Hyper-V role detected

CPU: total 8 (initial active 8) (4 cores per cpu, 2 threads per core) family 6 model 126 stepping 5 microcode 0xbc, cx8, cmov, fxsr, ht, mmx, 3dnowpref, sse, sse2, sse3, ssse3, sse4.1, sse4.2, popcnt, lzcnt, tsc, tscinvbit, avx, avx2, aes, erms, clmul, bmi1, bmi2, adx, avx512f, avx512dq, avx512cd, avx512bw, avx512vl, sha, fma, vzeroupper, avx512_vpopcntdq, avx512_vpclmulqdq, avx512_vaes, avx512_vnni, clflush, clflushopt, avx512_vbmi2, avx512_vbmi, hv, rdtscp, rdpid, fsrm, gfni, avx512_bitalg, f16c, avx512_ifma
Processor Information for the first 8 processors :
  Max Mhz: 1501, Current Mhz: 1501, Mhz Limit: 1501

Memory: 4k page, system-wide physical 11975M (3391M free)
TotalPageFile size 11975M (AvailPageFile size 15M)
current process WorkingSet (physical memory assigned to process): 13M, peak: 13M
current process commit charge ("private bytes"): 60M, peak: 248M

vm_info: Java HotSpot(TM) 64-Bit Server VM (23.0.2+7-58) for windows-amd64 JRE (23.0.2+7-58), built on 2024-11-29T09:34:55Z with MS VC++ 17.6 (VS2022)

END.
